2025-12-16 19:53:00 - Accessed: personnel - list
2025-12-16 19:53:03 - Accessed: directions - list
2025-12-16 19:53:06 - Accessed: personnel - list
2025-12-16 19:59:03 - Accessed: personnel - list
2025-12-16 19:59:03 - Accessed: directions - list
2025-12-16 19:59:04 - Accessed: directions - list
2025-12-16 19:59:07 - Accessed: directions - list
2025-12-16 19:59:08 - Accessed: directions - list
2025-12-16 19:59:08 - Accessed: directions - list
2025-12-16 19:59:08 - Accessed: directions - list
2025-12-16 19:59:08 - Accessed: directions - list
2025-12-16 19:59:08 - Accessed: directions - list
2025-12-16 19:59:09 - Accessed: directions - list
2025-12-16 19:59:09 - Accessed: directions - list
2025-12-16 19:59:09 - Accessed: directions - list
2025-12-16 19:59:23 - Accessed: directions - list
2025-12-16 19:59:31 - Accessed: personnel - list
2025-12-30 07:09:24 - Accessed: auth - login
2025-12-30 07:09:37 - Accessed: directions - list
2025-12-30 07:09:39 - Accessed: poste - list
2025-12-30 07:09:41 - Accessed: personnel - list
2025-12-30 07:09:48 - Accessed: directions - list
2025-12-30 07:09:54 - Accessed: personnel - list
2025-12-30 07:09:56 - Accessed: poste - list
2025-12-30 07:09:58 - Accessed: services - list
2025-12-30 07:10:25 - Accessed: directions - list
2025-12-30 07:10:27 - Accessed: directions - list
2025-12-30 07:10:30 - Accessed: directions - create
2025-12-30 07:10:37 - Accessed: directions - list
2025-12-30 07:10:39 - Accessed: directions - list
2025-12-30 07:10:40 - Accessed: services - list
2025-12-30 07:10:41 - Accessed: poste - list
2025-12-30 07:10:54 - Accessed: poste - view
2025-12-30 07:10:58 - Accessed: poste - edit
2026-01-03 06:51:31 - Accessed: auth - login
2026-01-03 06:51:36 - Accessed: auth - login
2026-01-03 06:54:05 - Accessed: auth - login
2026-01-03 07:01:08 - Accessed: auth - login
2026-01-03 07:01:13 - Accessed: auth - login
2026-01-03 07:09:31 - Accessed: auth - login
2026-01-03 07:09:37 - Accessed: auth - login
2026-01-03 07:17:09 - Accessed: auth - login
2026-01-03 07:18:13 - Accessed: auth - login
2026-01-03 07:18:29 - Accessed: directions - list
2026-01-03 07:18:41 - Accessed: personnel - list
2026-01-03 07:18:49 - Accessed: poste - list
2026-01-03 07:19:04 - Accessed: services - list
2026-01-03 07:19:05 - Accessed: directions - list
2026-01-03 08:50:11 - Accessed: auth - login
2026-01-03 09:08:21 - Accessed: auth - login
2026-01-03 09:08:29 - Accessed: directions - list
2026-01-03 09:16:06 - Accessed: directions - list
2026-01-03 09:16:14 - Accessed: auth - login
2026-01-03 09:16:32 - Accessed: directions - list
2026-01-03 09:16:36 - Accessed: directions - list
2026-01-03 09:16:38 - Accessed: services - list
2026-01-03 09:16:40 - Accessed: poste - list
2026-01-03 09:16:42 - Accessed: personnel - list
2026-01-03 09:16:50 - Accessed: poste - list
2026-01-03 09:16:58 - Accessed: personnel - list
2026-01-03 09:20:33 - Accessed: personnel - list
2026-01-03 09:20:44 - Accessed: personnel - list
2026-01-03 09:26:46 - Accessed: directions - list
2026-01-03 09:26:48 - Accessed: auth - login
2026-01-03 09:27:01 - Accessed: directions - list
2026-01-03 09:27:04 - Accessed: personnel - list
2026-01-03 09:30:57 - Accessed: personnel - create
2026-01-03 09:31:04 - Accessed: directions - list
2026-01-03 09:31:06 - Accessed: services - list
2026-01-03 09:31:08 - Accessed: poste - list
2026-01-03 09:31:10 - Accessed: poste - create
2026-01-03 09:31:16 - Accessed: personnel - list
2026-01-03 09:31:18 - Accessed: personnel - create
